Build started 6/30/2015 2:14:37 AM.
     1>Project "C:\GoogleDrive\COSC1320\programs\assignment4\ProgrammingAssignment4\ProgrammingAssignment4\ProgrammingAssignment4.vcxproj" on node 2 (build target(s)).
     1>InitializeBuildStatus:
         Creating "Debug\ProgrammingAssignment4.unsuccessfulbuild" because "AlwaysCreate" was specified.
       ClCompile:
         C:\Program Files (x86)\Microsoft Visual Studio 10.0\VC\bin\CL.exe /c /ZI /nologo /W3 /WX- /Od /Oy- /D WIN32 /D _DEBUG /D _CONSOLE /D _UNICODE /D UNICODE /Gm /EHsc /RTC1 /MDd /GS /fp:precise /Zc:wchar_t /Zc:forScope /Fo"Debug\\" /Fd"Debug\vc100.pdb" /Gd /TP /analyze- /errorReport:prompt VideoStoreDriver.cpp
         VideoStoreDriver.cpp
       Link:
         C:\Program Files (x86)\Microsoft Visual Studio 10.0\VC\bin\link.exe /ERRORREPORT:PROMPT /OUT:"C:\GoogleDrive\COSC1320\programs\assignment4\ProgrammingAssignment4\Debug\ProgrammingAssignment4.exe" /INCREMENTAL:NO /NOLOGO kernel32.lib user32.lib gdi32.lib winspool.lib comdlg32.lib advapi32.lib shell32.lib ole32.lib oleaut32.lib uuid.lib odbc32.lib odbccp32.lib /MANIFEST /ManifestFile:"Debug\ProgrammingAssignment4.exe.intermediate.manifest" /MANIFESTUAC:"level='asInvoker' uiAccess='false'" /DEBUG /PDB:"C:\GoogleDrive\COSC1320\programs\assignment4\ProgrammingAssignment4\Debug\ProgrammingAssignment4.pdb" /SUBSYSTEM:CONSOLE /TLBID:1 /DYNAMICBASE /NXCOMPAT /IMPLIB:"C:\GoogleDrive\COSC1320\programs\assignment4\ProgrammingAssignment4\Debug\ProgrammingAssignment4.lib" /MACHINE:X86 Debug\Controller.obj
         Debug\Customer.obj
         Debug\Video.obj
         Debug\VideoStoreDriver.obj
         Debug\View.obj
     1>Controller.obj : warning LNK4075: ignoring '/EDITANDCONTINUE' due to '/INCREMENTAL:NO' specification
         ProgrammingAssignment4.vcxproj -> C:\GoogleDrive\COSC1320\programs\assignment4\ProgrammingAssignment4\Debug\ProgrammingAssignment4.exe
       Manifest:
         C:\Program Files (x86)\Microsoft SDKs\Windows\v7.0A\bin\mt.exe /nologo /verbose /outputresource:"C:\GoogleDrive\COSC1320\programs\assignment4\ProgrammingAssignment4\Debug\ProgrammingAssignment4.exe;#1" /manifest Debug\ProgrammingAssignment4.exe.intermediate.manifest
       FinalizeBuildStatus:
         Deleting file "Debug\ProgrammingAssignment4.unsuccessfulbuild".
         Touching "Debug\ProgrammingAssignment4.lastbuildstate".
     1>Done Building Project "C:\GoogleDrive\COSC1320\programs\assignment4\ProgrammingAssignment4\ProgrammingAssignment4\ProgrammingAssignment4.vcxproj" (build target(s)).

Build succeeded.

Time Elapsed 00:00:00.80
