Build started 6/21/2015 10:42:00 PM.
     1>Project "C:\GoogleDrive\COSC1320\programs\assignment3\ProgrammingAssignment3\ProgrammingAssignment3\ProgrammingAssignment3.vcxproj" on node 2 (build target(s)).
     1>InitializeBuildStatus:
         Creating "Debug\ProgrammingAssignment3.unsuccessfulbuild" because "AlwaysCreate" was specified.
       ClCompile:
         C:\Program Files (x86)\Microsoft Visual Studio 10.0\VC\bin\CL.exe /c /ZI /nologo /W3 /WX- /Od /Oy- /D WIN32 /D _DEBUG /D _CONSOLE /D _UNICODE /D UNICODE /Gm /EHsc /RTC1 /MDd /GS /fp:precise /Zc:wchar_t /Zc:forScope /Fo"Debug\\" /Fd"Debug\vc100.pdb" /Gd /TP /analyze- /errorReport:prompt Administrator.cpp Doctor.cpp Driver.cpp EmployeeRoster.cpp HospitalEmployee.cpp Janitor.cpp Nurse.cpp Receptionist.cpp Surgeon.cpp
         Surgeon.cpp
         Receptionist.cpp
         Nurse.cpp
         Janitor.cpp
         HospitalEmployee.cpp
         Doctor.cpp
         Administrator.cpp
         Generating Code...
         Skipping... (no relevant changes detected)
         EmployeeRoster.cpp
         Driver.cpp
       Link:
         C:\Program Files (x86)\Microsoft Visual Studio 10.0\VC\bin\link.exe /ERRORREPORT:PROMPT /OUT:"C:\GoogleDrive\COSC1320\programs\assignment3\ProgrammingAssignment3\Debug\ProgrammingAssignment3.exe" /INCREMENTAL:NO /NOLOGO kernel32.lib user32.lib gdi32.lib winspool.lib comdlg32.lib advapi32.lib shell32.lib ole32.lib oleaut32.lib uuid.lib odbc32.lib odbccp32.lib /MANIFEST /ManifestFile:"Debug\ProgrammingAssignment3.exe.intermediate.manifest" /MANIFESTUAC:"level='asInvoker' uiAccess='false'" /DEBUG /PDB:"C:\GoogleDrive\COSC1320\programs\assignment3\ProgrammingAssignment3\Debug\ProgrammingAssignment3.pdb" /SUBSYSTEM:CONSOLE /TLBID:1 /DYNAMICBASE /NXCOMPAT /IMPLIB:"C:\GoogleDrive\COSC1320\programs\assignment3\ProgrammingAssignment3\Debug\ProgrammingAssignment3.lib" /MACHINE:X86 Debug\Administrator.obj
         Debug\Doctor.obj
         Debug\Driver.obj
         Debug\EmployeeRoster.obj
         Debug\HospitalEmployee.obj
         Debug\Janitor.obj
         Debug\Nurse.obj
         Debug\Receptionist.obj
         Debug\Surgeon.obj
         Debug\View.obj
     1>Administrator.obj : warning LNK4075: ignoring '/EDITANDCONTINUE' due to '/INCREMENTAL:NO' specification
         ProgrammingAssignment3.vcxproj -> C:\GoogleDrive\COSC1320\programs\assignment3\ProgrammingAssignment3\Debug\ProgrammingAssignment3.exe
       Manifest:
         C:\Program Files (x86)\Microsoft SDKs\Windows\v7.0A\bin\mt.exe /nologo /verbose /outputresource:"C:\GoogleDrive\COSC1320\programs\assignment3\ProgrammingAssignment3\Debug\ProgrammingAssignment3.exe;#1" /manifest Debug\ProgrammingAssignment3.exe.intermediate.manifest
       FinalizeBuildStatus:
         Deleting file "Debug\ProgrammingAssignment3.unsuccessfulbuild".
         Touching "Debug\ProgrammingAssignment3.lastbuildstate".
     1>Done Building Project "C:\GoogleDrive\COSC1320\programs\assignment3\ProgrammingAssignment3\ProgrammingAssignment3\ProgrammingAssignment3.vcxproj" (build target(s)).

Build succeeded.

Time Elapsed 00:00:02.63
