Build started 6/22/2015 9:20:17 AM.
     1>Project "C:\GoogleDrive\COSC1320\homework\hw10\HOMEWORK10.1\HOMEWORK10.1\HOMEWORK10.1.vcxproj" on node 2 (build target(s)).
     1>InitializeBuildStatus:
         Creating "Debug\HOMEWORK10.1.unsuccessfulbuild" because "AlwaysCreate" was specified.
       ClCompile:
         C:\Program Files (x86)\Microsoft Visual Studio 10.0\VC\bin\CL.exe /c /ZI /nologo /W3 /WX- /Od /Oy- /D WIN32 /D _DEBUG /D _CONSOLE /D _UNICODE /D UNICODE /Gm /EHsc /RTC1 /MDd /GS /fp:precise /Zc:wchar_t /Zc:forScope /Fo"Debug\\" /Fd"Debug\vc100.pdb" /Gd /TP /analyze- /errorReport:prompt Fraction.cpp Main.cpp
         Fraction.cpp
         Generating Code...
         Skipping... (no relevant changes detected)
         Main.cpp
       Link:
         C:\Program Files (x86)\Microsoft Visual Studio 10.0\VC\bin\link.exe /ERRORREPORT:PROMPT /OUT:"C:\GoogleDrive\COSC1320\homework\hw10\HOMEWORK10.1\Debug\HOMEWORK10.1.exe" /INCREMENTAL:NO /NOLOGO kernel32.lib user32.lib gdi32.lib winspool.lib comdlg32.lib advapi32.lib shell32.lib ole32.lib oleaut32.lib uuid.lib odbc32.lib odbccp32.lib /MANIFEST /ManifestFile:"Debug\HOMEWORK10.1.exe.intermediate.manifest" /MANIFESTUAC:"level='asInvoker' uiAccess='false'" /DEBUG /PDB:"C:\GoogleDrive\COSC1320\homework\hw10\HOMEWORK10.1\Debug\HOMEWORK10.1.pdb" /SUBSYSTEM:CONSOLE /TLBID:1 /DYNAMICBASE /NXCOMPAT /IMPLIB:"C:\GoogleDrive\COSC1320\homework\hw10\HOMEWORK10.1\Debug\HOMEWORK10.1.lib" /MACHINE:X86 Debug\Fraction.obj
         Debug\Main.obj
     1>Fraction.obj : warning LNK4075: ignoring '/EDITANDCONTINUE' due to '/INCREMENTAL:NO' specification
         HOMEWORK10.1.vcxproj -> C:\GoogleDrive\COSC1320\homework\hw10\HOMEWORK10.1\Debug\HOMEWORK10.1.exe
       Manifest:
         C:\Program Files (x86)\Microsoft SDKs\Windows\v7.0A\bin\mt.exe /nologo /verbose /outputresource:"C:\GoogleDrive\COSC1320\homework\hw10\HOMEWORK10.1\Debug\HOMEWORK10.1.exe;#1" /manifest Debug\HOMEWORK10.1.exe.intermediate.manifest
       FinalizeBuildStatus:
         Deleting file "Debug\HOMEWORK10.1.unsuccessfulbuild".
         Touching "Debug\HOMEWORK10.1.lastbuildstate".
     1>Done Building Project "C:\GoogleDrive\COSC1320\homework\hw10\HOMEWORK10.1\HOMEWORK10.1\HOMEWORK10.1.vcxproj" (build target(s)).

Build succeeded.

Time Elapsed 00:00:03.44
