Build started 6/27/2015 10:03:46 PM.
     1>Project "C:\GoogleDrive\COSC1320\homework\hw13\HOMEWORK13\HOMEWORK13\HOMEWORK13.vcxproj" on node 2 (build target(s)).
     1>InitializeBuildStatus:
         Creating "Debug\HOMEWORK13.unsuccessfulbuild" because "AlwaysCreate" was specified.
       ClCompile:
         C:\Program Files (x86)\Microsoft Visual Studio 10.0\VC\bin\CL.exe /c /ZI /nologo /W3 /WX- /Od /Oy- /D WIN32 /D _DEBUG /D _CONSOLE /D _UNICODE /D UNICODE /Gm /EHsc /RTC1 /MDd /GS /fp:precise /Zc:wchar_t /Zc:forScope /Fo"Debug\\" /Fd"Debug\vc100.pdb" /Gd /TP /analyze- /errorReport:prompt Account.cpp Main.cpp
         Main.cpp
         Account.cpp
     1>c:\googledrive\cosc1320\homework\hw13\homework13\homework13\account.cpp(21): warning C4290: C++ exception specification ignored except to indicate a function is not __declspec(nothrow)
     1>c:\googledrive\cosc1320\homework\hw13\homework13\homework13\account.cpp(30): warning C4290: C++ exception specification ignored except to indicate a function is not __declspec(nothrow)
         Generating Code...
       Link:
         C:\Program Files (x86)\Microsoft Visual Studio 10.0\VC\bin\link.exe /ERRORREPORT:PROMPT /OUT:"C:\GoogleDrive\COSC1320\homework\hw13\HOMEWORK13\Debug\HOMEWORK13.exe" /INCREMENTAL:NO /NOLOGO kernel32.lib user32.lib gdi32.lib winspool.lib comdlg32.lib advapi32.lib shell32.lib ole32.lib oleaut32.lib uuid.lib odbc32.lib odbccp32.lib /MANIFEST /ManifestFile:"Debug\HOMEWORK13.exe.intermediate.manifest" /MANIFESTUAC:"level='asInvoker' uiAccess='false'" /DEBUG /PDB:"C:\GoogleDrive\COSC1320\homework\hw13\HOMEWORK13\Debug\HOMEWORK13.pdb" /SUBSYSTEM:CONSOLE /TLBID:1 /DYNAMICBASE /NXCOMPAT /IMPLIB:"C:\GoogleDrive\COSC1320\homework\hw13\HOMEWORK13\Debug\HOMEWORK13.lib" /MACHINE:X86 Debug\Account.obj
         Debug\Main.obj
     1>Account.obj : warning LNK4075: ignoring '/EDITANDCONTINUE' due to '/INCREMENTAL:NO' specification
         HOMEWORK13.vcxproj -> C:\GoogleDrive\COSC1320\homework\hw13\HOMEWORK13\Debug\HOMEWORK13.exe
       Manifest:
         C:\Program Files (x86)\Microsoft SDKs\Windows\v7.0A\bin\mt.exe /nologo /verbose /outputresource:"C:\GoogleDrive\COSC1320\homework\hw13\HOMEWORK13\Debug\HOMEWORK13.exe;#1" /manifest Debug\HOMEWORK13.exe.intermediate.manifest
       FinalizeBuildStatus:
         Deleting file "Debug\HOMEWORK13.unsuccessfulbuild".
         Touching "Debug\HOMEWORK13.lastbuildstate".
     1>Done Building Project "C:\GoogleDrive\COSC1320\homework\hw13\HOMEWORK13\HOMEWORK13\HOMEWORK13.vcxproj" (build target(s)).

Build succeeded.

Time Elapsed 00:00:00.91
